# JRE version: Java(TM) SE Runtime Environment (8.0_261-b12) (build 1.8.0_261-b12)
# Java VM: Java HotSpot(TM) 64-Bit Server VM (25.261-b12 mixed mode windows-amd64 compressed oops)
Heap:
 PSYoungGen      total 216576K, used 68831K [0x00000000d5580000, 0x00000000e3d80000, 0x0000000100000000)
  eden space 197120K, 34% used [0x00000000d5580000,0x00000000d98b7ea0,0x00000000e1600000)
  from space 19456K, 0% used [0x00000000e1600000,0x00000000e1600000,0x00000000e2900000)
  to   space 14848K, 0% used [0x00000000e2900000,0x00000000e2900000,0x00000000e3780000)
 ParOldGen       total 167936K, used 38528K [0x0000000080000000, 0x000000008a400000, 0x00000000d5580000)
  object space 167936K, 22% used [0x0000000080000000,0x00000000825a0078,0x000000008a400000)
 Metaspace       used 61139K, capacity 63720K, committed 63872K, reserved 1103872K
  class space    used 8506K, capacity 9016K, committed 9088K, reserved 1048576K
GC Heap History (10 events):
Event: 3.826 GC heap before
{Heap before GC invocations=8 (full 2):
 PSYoungGen      total 147968K, used 8482K [0x00000000d5580000, 0x00000000e4480000, 0x0000000100000000)
  eden space 132096K, 0% used [0x00000000d5580000,0x00000000d5580000,0x00000000dd680000)
  from space 15872K, 53% used [0x00000000de500000,0x00000000ded48a38,0x00000000df480000)
  to   space 14848K, 0% used [0x00000000dd680000,0x00000000dd680000,0x00000000de500000)
 ParOldGen       total 117760K, used 13697K [0x0000000080000000, 0x0000000087300000, 0x00000000d5580000)
  object space 117760K, 11% used [0x0000000080000000,0x0000000080d607a0,0x0000000087300000)
 Metaspace       used 34058K, capacity 35438K, committed 35496K, reserved 1079296K
  class space    used 4718K, capacity 5072K, committed 5120K, reserved 1048576K
Event: 3.886 GC heap after
Heap after GC invocations=8 (full 2):
 PSYoungGen      total 147968K, used 0K [0x00000000d5580000, 0x00000000e4480000, 0x0000000100000000)
  eden space 132096K, 0% used [0x00000000d5580000,0x00000000d5580000,0x00000000dd680000)
  from space 15872K, 0% used [0x00000000de500000,0x00000000de500000,0x00000000df480000)
  to   space 14848K, 0% used [0x00000000dd680000,0x00000000dd680000,0x00000000de500000)
 ParOldGen       total 167936K, used 16163K [0x0000000080000000, 0x000000008a400000, 0x00000000d5580000)
  object space 167936K, 9% used [0x0000000080000000,0x0000000080fc8cf8,0x000000008a400000)
 Metaspace       used 34058K, capacity 35438K, committed 35496K, reserved 1079296K
  class space    used 4718K, capacity 5072K, committed 5120K, reserved 1048576K
}
Event: 4.903 GC heap before
{Heap before GC invocations=9 (full 2):
 PSYoungGen      total 147968K, used 132096K [0x00000000d5580000, 0x00000000e4480000, 0x0000000100000000)
  eden space 132096K, 100% used [0x00000000d5580000,0x00000000dd680000,0x00000000dd680000)
  from space 15872K, 0% used [0x00000000de500000,0x00000000de500000,0x00000000df480000)
  to   space 14848K, 0% used [0x00000000dd680000,0x00000000dd680000,0x00000000de500000)
 ParOldGen       total 167936K, used 16163K [0x0000000080000000, 0x000000008a400000, 0x00000000d5580000)
  object space 167936K, 9% used [0x0000000080000000,0x0000000080fc8cf8,0x000000008a400000)
 Metaspace       used 38619K, capacity 40568K, committed 40704K, reserved 1083392K
  class space    used 5441K, capacity 5819K, committed 5888K, reserved 1048576K
Event: 4.912 GC heap after
Heap after GC invocations=9 (full 2):
 PSYoungGen      total 146944K, used 10483K [0x00000000d5580000, 0x00000000e3780000, 0x0000000100000000)
  eden space 132096K, 0% used [0x00000000d5580000,0x00000000d5580000,0x00000000dd680000)
  from space 14848K, 70% used [0x00000000dd680000,0x00000000de0bce08,0x00000000de500000)
  to   space 14848K, 0% used [0x00000000e2900000,0x00000000e2900000,0x00000000e3780000)
 ParOldGen       total 167936K, used 16171K [0x0000000080000000, 0x000000008a400000, 0x00000000d5580000)
  object space 167936K, 9% used [0x0000000080000000,0x0000000080fcacf8,0x000000008a400000)
 Metaspace       used 38619K, capacity 40568K, committed 40704K, reserved 1083392K
  class space    used 5441K, capacity 5819K, committed 5888K, reserved 1048576K
}
Event: 6.234 GC heap before
{Heap before GC invocations=10 (full 2):
 PSYoungGen      total 146944K, used 142579K [0x00000000d5580000, 0x00000000e3780000, 0x0000000100000000)
  eden space 132096K, 100% used [0x00000000d5580000,0x00000000dd680000,0x00000000dd680000)
  from space 14848K, 70% used [0x00000000dd680000,0x00000000de0bce08,0x00000000de500000)
  to   space 14848K, 0% used [0x00000000e2900000,0x00000000e2900000,0x00000000e3780000)
 ParOldGen       total 167936K, used 16171K [0x0000000080000000, 0x000000008a400000, 0x00000000d5580000)
  object space 167936K, 9% used [0x0000000080000000,0x0000000080fcacf8,0x000000008a400000)
 Metaspace       used 49600K, capacity 51914K, committed 52096K, reserved 1093632K
  class space    used 6853K, capacity 7295K, committed 7296K, reserved 1048576K
Event: 6.258 GC heap after
Heap after GC invocations=10 (full 2):
 PSYoungGen      total 211968K, used 14840K [0x00000000d5580000, 0x00000000e3d80000, 0x0000000100000000)
  eden space 197120K, 0% used [0x00000000d5580000,0x00000000d5580000,0x00000000e1600000)
  from space 14848K, 99% used [0x00000000e2900000,0x00000000e377e070,0x00000000e3780000)
  to   space 19456K, 0% used [0x00000000e1600000,0x00000000e1600000,0x00000000e2900000)
 ParOldGen       total 167936K, used 22895K [0x0000000080000000, 0x000000008a400000, 0x00000000d5580000)
  object space 167936K, 13% used [0x0000000080000000,0x000000008165be60,0x000000008a400000)
 Metaspace       used 49600K, capacity 51914K, committed 52096K, reserved 1093632K
  class space    used 6853K, capacity 7295K, committed 7296K, reserved 1048576K
}
Event: 7.288 GC heap before
{Heap before GC invocations=11 (full 2):
 PSYoungGen      total 211968K, used 113989K [0x00000000d5580000, 0x00000000e3d80000, 0x0000000100000000)
  eden space 197120K, 50% used [0x00000000d5580000,0x00000000db6535a0,0x00000000e1600000)
  from space 14848K, 99% used [0x00000000e2900000,0x00000000e377e070,0x00000000e3780000)
  to   space 19456K, 0% used [0x00000000e1600000,0x00000000e1600000,0x00000000e2900000)
 ParOldGen       total 167936K, used 22895K [0x0000000080000000, 0x000000008a400000, 0x00000000d5580000)
  object space 167936K, 13% used [0x0000000080000000,0x000000008165be60,0x000000008a400000)
 Metaspace       used 56339K, capacity 58896K, committed 59136K, reserved 1099776K
  class space    used 7691K, capacity 8165K, committed 8192K, reserved 1048576K
Event: 7.321 GC heap after
Heap after GC invocations=11 (full 2):
 PSYoungGen      total 216576K, used 19452K [0x00000000d5580000, 0x00000000e3d80000, 0x0000000100000000)
  eden space 197120K, 0% used [0x00000000d5580000,0x00000000d5580000,0x00000000e1600000)
  from space 19456K, 99% used [0x00000000e1600000,0x00000000e28ff320,0x00000000e2900000)
  to   space 14848K, 0% used [0x00000000e2900000,0x00000000e2900000,0x00000000e3780000)
 ParOldGen       total 167936K, used 27857K [0x0000000080000000, 0x000000008a400000, 0x00000000d5580000)
  object space 167936K, 16% used [0x0000000080000000,0x0000000081b346e0,0x000000008a400000)
 Metaspace       used 56339K, capacity 58896K, committed 59136K, reserved 1099776K
  class space    used 7691K, capacity 8165K, committed 8192K, reserved 1048576K
}
Event: 7.321 GC heap before
{Heap before GC invocations=12 (full 3):
 PSYoungGen      total 216576K, used 19452K [0x00000000d5580000, 0x00000000e3d80000, 0x0000000100000000)
  eden space 197120K, 0% used [0x00000000d5580000,0x00000000d5580000,0x00000000e1600000)
  from space 19456K, 99% used [0x00000000e1600000,0x00000000e28ff320,0x00000000e2900000)
  to   space 14848K, 0% used [0x00000000e2900000,0x00000000e2900000,0x00000000e3780000)
 ParOldGen       total 167936K, used 27857K [0x0000000080000000, 0x000000008a400000, 0x00000000d5580000)
  object space 167936K, 16% used [0x0000000080000000,0x0000000081b346e0,0x000000008a400000)
 Metaspace       used 56339K, capacity 58896K, committed 59136K, reserved 1099776K
  class space    used 7691K, capacity 8165K, committed 8192K, reserved 1048576K
Event: 7.454 GC heap after
Heap after GC invocations=12 (full 3):
 PSYoungGen      total 216576K, used 0K [0x00000000d5580000, 0x00000000e3d80000, 0x0000000100000000)
  eden space 197120K, 0% used [0x00000000d5580000,0x00000000d5580000,0x00000000e1600000)
  from space 19456K, 0% used [0x00000000e1600000,0x00000000e1600000,0x00000000e2900000)
  to   space 14848K, 0% used [0x00000000e2900000,0x00000000e2900000,0x00000000e3780000)
 ParOldGen       total 167936K, used 38528K [0x0000000080000000, 0x000000008a400000, 0x00000000d5580000)
  object space 167936K, 22% used [0x0000000080000000,0x00000000825a0078,0x000000008a400000)
 Metaspace       used 56289K, capacity 58728K, committed 59136K, reserved 1099776K
  class space    used 7675K, capacity 8137K, committed 8192K, reserved 1048576K
}

