# JRE version: OpenJDK Runtime Environment (8.0_242-b01) (build 1.8.0_242-release-1644-b01)
# Java VM: OpenJDK 64-Bit Server VM (25.242-b01 mixed mode windows-amd64 compressed oops)
Heap:
 PSYoungGen      total 475136K, used 107206K [0x00000000d5580000, 0x00000000fe480000, 0x0000000100000000)
  eden space 361984K, 1% used [0x00000000d5580000,0x00000000d594c4e0,0x00000000eb700000)
  from space 113152K, 91% used [0x00000000eb700000,0x00000000f1be5610,0x00000000f2580000)
  to   space 128512K, 0% used [0x00000000f6700000,0x00000000f6700000,0x00000000fe480000)
 ParOldGen       total 331776K, used 194885K [0x0000000080000000, 0x0000000094400000, 0x00000000d5580000)
  object space 331776K, 58% used [0x0000000080000000,0x000000008be51780,0x0000000094400000)
 Metaspace       used 127522K, capacity 133574K, committed 133720K, reserved 1165312K
  class space    used 16256K, capacity 17499K, committed 17536K, reserved 1048576K
GC Heap History (10 events):
Event: 355.075 GC heap before
{Heap before GC invocations=27 (full 4):
 PSYoungGen      total 372736K, used 361025K [0x00000000d5580000, 0x00000000ee880000, 0x0000000100000000)
  eden space 335360K, 100% used [0x00000000d5580000,0x00000000e9d00000,0x00000000e9d00000)
  from space 37376K, 68% used [0x00000000ec280000,0x00000000edb90430,0x00000000ee700000)
  to   space 38400K, 0% used [0x00000000e9d00000,0x00000000e9d00000,0x00000000ec280000)
 ParOldGen       total 331776K, used 75567K [0x0000000080000000, 0x0000000094400000, 0x00000000d5580000)
  object space 331776K, 22% used [0x0000000080000000,0x00000000849cbc30,0x0000000094400000)
 Metaspace       used 101534K, capacity 106446K, committed 106712K, reserved 1142784K
  class space    used 13281K, capacity 14267K, committed 14336K, reserved 1048576K
Event: 355.093 GC heap after
Heap after GC invocations=27 (full 4):
 PSYoungGen      total 373760K, used 26319K [0x00000000d5580000, 0x00000000eff80000, 0x0000000100000000)
  eden space 335360K, 0% used [0x00000000d5580000,0x00000000d5580000,0x00000000e9d00000)
  from space 38400K, 68% used [0x00000000e9d00000,0x00000000eb6b3c88,0x00000000ec280000)
  to   space 39424K, 0% used [0x00000000ed900000,0x00000000ed900000,0x00000000eff80000)
 ParOldGen       total 331776K, used 75575K [0x0000000080000000, 0x0000000094400000, 0x00000000d5580000)
  object space 331776K, 22% used [0x0000000080000000,0x00000000849cdc30,0x0000000094400000)
 Metaspace       used 101534K, capacity 106446K, committed 106712K, reserved 1142784K
  class space    used 13281K, capacity 14267K, committed 14336K, reserved 1048576K
}
Event: 356.257 GC heap before
{Heap before GC invocations=28 (full 4):
 PSYoungGen      total 373760K, used 361679K [0x00000000d5580000, 0x00000000eff80000, 0x0000000100000000)
  eden space 335360K, 100% used [0x00000000d5580000,0x00000000e9d00000,0x00000000e9d00000)
  from space 38400K, 68% used [0x00000000e9d00000,0x00000000eb6b3c88,0x00000000ec280000)
  to   space 39424K, 0% used [0x00000000ed900000,0x00000000ed900000,0x00000000eff80000)
 ParOldGen       total 331776K, used 75575K [0x0000000080000000, 0x0000000094400000, 0x00000000d5580000)
  object space 331776K, 22% used [0x0000000080000000,0x00000000849cdc30,0x0000000094400000)
 Metaspace       used 105549K, capacity 110792K, committed 110936K, reserved 1144832K
  class space    used 13889K, capacity 14938K, committed 14976K, reserved 1048576K
Event: 356.372 GC heap after
Heap after GC invocations=28 (full 4):
 PSYoungGen      total 361984K, used 39395K [0x00000000d5580000, 0x00000000f6f00000, 0x0000000100000000)
  eden space 322560K, 0% used [0x00000000d5580000,0x00000000d5580000,0x00000000e9080000)
  from space 39424K, 99% used [0x00000000ed900000,0x00000000eff78f90,0x00000000eff80000)
  to   space 74240K, 0% used [0x00000000e9080000,0x00000000e9080000,0x00000000ed900000)
 ParOldGen       total 331776K, used 154655K [0x0000000080000000, 0x0000000094400000, 0x00000000d5580000)
  object space 331776K, 46% used [0x0000000080000000,0x0000000089707d10,0x0000000094400000)
 Metaspace       used 105549K, capacity 110792K, committed 110936K, reserved 1144832K
  class space    used 13889K, capacity 14938K, committed 14976K, reserved 1048576K
}
Event: 358.485 GC heap before
{Heap before GC invocations=29 (full 4):
 PSYoungGen      total 361984K, used 361955K [0x00000000d5580000, 0x00000000f6f00000, 0x0000000100000000)
  eden space 322560K, 100% used [0x00000000d5580000,0x00000000e9080000,0x00000000e9080000)
  from space 39424K, 99% used [0x00000000ed900000,0x00000000eff78f90,0x00000000eff80000)
  to   space 74240K, 0% used [0x00000000e9080000,0x00000000e9080000,0x00000000ed900000)
 ParOldGen       total 331776K, used 154655K [0x0000000080000000, 0x0000000094400000, 0x00000000d5580000)
  object space 331776K, 46% used [0x0000000080000000,0x0000000089707d10,0x0000000094400000)
 Metaspace       used 107943K, capacity 113496K, committed 113624K, reserved 1146880K
  class space    used 14196K, capacity 15280K, committed 15360K, reserved 1048576K
Event: 358.572 GC heap after
Heap after GC invocations=29 (full 4):
 PSYoungGen      total 396800K, used 74223K [0x00000000d5580000, 0x00000000f8880000, 0x0000000100000000)
  eden space 322560K, 0% used [0x00000000d5580000,0x00000000d5580000,0x00000000e9080000)
  from space 74240K, 99% used [0x00000000e9080000,0x00000000ed8fbd38,0x00000000ed900000)
  to   space 101376K, 0% used [0x00000000f2580000,0x00000000f2580000,0x00000000f8880000)
 ParOldGen       total 331776K, used 194861K [0x0000000080000000, 0x0000000094400000, 0x00000000d5580000)
  object space 331776K, 58% used [0x0000000080000000,0x000000008be4b780,0x0000000094400000)
 Metaspace       used 107943K, capacity 113496K, committed 113624K, reserved 1146880K
  class space    used 14196K, capacity 15280K, committed 15360K, reserved 1048576K
}
Event: 361.514 GC heap before
{Heap before GC invocations=30 (full 4):
 PSYoungGen      total 396800K, used 396783K [0x00000000d5580000, 0x00000000f8880000, 0x0000000100000000)
  eden space 322560K, 100% used [0x00000000d5580000,0x00000000e9080000,0x00000000e9080000)
  from space 74240K, 99% used [0x00000000e9080000,0x00000000ed8fbd38,0x00000000ed900000)
  to   space 101376K, 0% used [0x00000000f2580000,0x00000000f2580000,0x00000000f8880000)
 ParOldGen       total 331776K, used 194861K [0x0000000080000000, 0x0000000094400000, 0x00000000d5580000)
  object space 331776K, 58% used [0x0000000080000000,0x000000008be4b780,0x0000000094400000)
 Metaspace       used 110352K, capacity 116122K, committed 116312K, reserved 1150976K
  class space    used 14488K, capacity 15651K, committed 15744K, reserved 1048576K
Event: 361.596 GC heap after
Heap after GC invocations=30 (full 4):
 PSYoungGen      total 463360K, used 87628K [0x00000000d5580000, 0x00000000f9f00000, 0x0000000100000000)
  eden space 361984K, 0% used [0x00000000d5580000,0x00000000d5580000,0x00000000eb700000)
  from space 101376K, 86% used [0x00000000f2580000,0x00000000f7b13178,0x00000000f8880000)
  to   space 113152K, 0% used [0x00000000eb700000,0x00000000eb700000,0x00000000f2580000)
 ParOldGen       total 331776K, used 194869K [0x0000000080000000, 0x0000000094400000, 0x00000000d5580000)
  object space 331776K, 58% used [0x0000000080000000,0x000000008be4d780,0x0000000094400000)
 Metaspace       used 110352K, capacity 116122K, committed 116312K, reserved 1150976K
  class space    used 14488K, capacity 15651K, committed 15744K, reserved 1048576K
}
Event: 369.522 GC heap before
{Heap before GC invocations=31 (full 4):
 PSYoungGen      total 463360K, used 449612K [0x00000000d5580000, 0x00000000f9f00000, 0x0000000100000000)
  eden space 361984K, 100% used [0x00000000d5580000,0x00000000eb700000,0x00000000eb700000)
  from space 101376K, 86% used [0x00000000f2580000,0x00000000f7b13178,0x00000000f8880000)
  to   space 113152K, 0% used [0x00000000eb700000,0x00000000eb700000,0x00000000f2580000)
 ParOldGen       total 331776K, used 194869K [0x0000000080000000, 0x0000000094400000, 0x00000000d5580000)
  object space 331776K, 58% used [0x0000000080000000,0x000000008be4d780,0x0000000094400000)
 Metaspace       used 127422K, capacity 133510K, committed 133720K, reserved 1165312K
  class space    used 16256K, capacity 17499K, committed 17536K, reserved 1048576K
Event: 369.591 GC heap after
Heap after GC invocations=31 (full 4):
 PSYoungGen      total 475136K, used 103317K [0x00000000d5580000, 0x00000000fe480000, 0x0000000100000000)
  eden space 361984K, 0% used [0x00000000d5580000,0x00000000d5580000,0x00000000eb700000)
  from space 113152K, 91% used [0x00000000eb700000,0x00000000f1be5610,0x00000000f2580000)
  to   space 128512K, 0% used [0x00000000f6700000,0x00000000f6700000,0x00000000fe480000)
 ParOldGen       total 331776K, used 194885K [0x0000000080000000, 0x0000000094400000, 0x00000000d5580000)
  object space 331776K, 58% used [0x0000000080000000,0x000000008be51780,0x0000000094400000)
 Metaspace       used 127422K, capacity 133510K, committed 133720K, reserved 1165312K
  class space    used 16256K, capacity 17499K, committed 17536K, reserved 1048576K
}

